<?xml version="1.0" encoding="UTF-8"?>
<testsuite xmlns:xsi="http://www.w3.org/2001/XMLSchema-instance" xsi:noNamespaceSchemaLocation="https://maven.apache.org/surefire/maven-surefire-plugin/xsd/surefire-test-report.xsd" version="3.0.2" name="com.Chitti.AiVoiceMail.ChittiVoiceMailApplicationTests" time="11.876" tests="1" errors="0" skipped="0" failures="0">
  <properties>
[...]
</properties>
  <testcase name="contextLoads" classname="com.Chitti.AiVoiceMail.ChittiVoiceMailApplicationTests" time="0.841">
    <system-out><![CDATA[13:50:38.594 [main] INFO org.springframework.test.context.support.AnnotationConfigContextLoaderUtils -- Could not detect default configuration classes for test class [com.Chitti.AiVoiceMail.ChittiVoiceMailApplicationTests]: ChittiVoiceMailApplicationTests does not declare any static, non-private, non-final, nested classes annotated with @Configuration.
13:50:38.795 [main] INFO org.springframework.boot.test.context.SpringBootTestContextBootstrapper -- Found @SpringBootConfiguration com.Chitti.AiVoiceMail.ChittiVoiceMailApplication for test class com.Chitti.AiVoiceMail.ChittiVoiceMailApplicationTests
13:50:39.057 [main] INFO org.springframework.boot.devtools.restart.RestartApplicationListener -- Restart disabled due to context in which it is running

  .   ____          _            __ _ _
 /\\ / ___'_ __ _ _(_)_ __  __ _ \ \ \ \
( ( )\___ | '_ | '_| | '_ \/ _` | \ \ \ \
 \\/  ___)| |_)| | | | | || (_| |  ) ) ) )
  '  |____| .__|_| |_|_| |_\__, | / / / /
 =========|_|==============|___/=/_/_/_/

 :: Spring Boot ::                (v3.4.0)

2024-12-14T13:50:39.518+05:30  INFO 34972 --- [Chitti-voiceMail] [           main] c.C.A.ChittiVoiceMailApplicationTests    : Starting ChittiVoiceMailApplicationTests using Java 17.0.11 with PID 34972 (started by Rajat singh in D:\Chitti\Chitti-voiceMail)
2024-12-14T13:50:39.521+05:30  INFO 34972 --- [Chitti-voiceMail] [           main] c.C.A.ChittiVoiceMailApplicationTests    : No active profile set, falling back to 1 default profile: "default"
2024-12-14T13:50:40.985+05:30  INFO 34972 --- [Chitti-voiceMail] [           main] .s.d.r.c.RepositoryConfigurationDelegate : Multiple Spring Data modules found, entering strict repository configuration mode
2024-12-14T13:50:40.988+05:30  INFO 34972 --- [Chitti-voiceMail] [           main] .s.d.r.c.RepositoryConfigurationDelegate : Bootstrapping Spring Data JPA repositories in DEFAULT mode.
2024-12-14T13:50:41.312+05:30  INFO 34972 --- [Chitti-voiceMail] [           main] .RepositoryConfigurationExtensionSupport : Spring Data JPA - Could not safely identify store assignment for repository candidate interface com.Chitti.AiVoiceMail.repos.mongo.AudioMetadataRepository; If you want this repository to be a JPA repository, consider annotating your entities with one of these annotations: jakarta.persistence.Entity, jakarta.persistence.MappedSuperclass (preferred), or consider extending one of the following types with your repository: org.springframework.data.jpa.repository.JpaRepository
2024-12-14T13:50:41.316+05:30  INFO 34972 --- [Chitti-voiceMail] [           main] .RepositoryConfigurationExtensionSupport : Spring Data JPA - Could not safely identify store assignment for repository candidate interface com.Chitti.AiVoiceMail.repos.mongo.ChatHistoriesRepository; If you want this repository to be a JPA repository, consider annotating your entities with one of these annotations: jakarta.persistence.Entity, jakarta.persistence.MappedSuperclass (preferred), or consider extending one of the following types with your repository: org.springframework.data.jpa.repository.JpaRepository
2024-12-14T13:50:41.320+05:30  INFO 34972 --- [Chitti-voiceMail] [           main] .RepositoryConfigurationExtensionSupport : Spring Data JPA - Could not safely identify store assignment for repository candidate interface com.Chitti.AiVoiceMail.repos.mongo.UserCustomizationsRepository; If you want this repository to be a JPA repository, consider annotating your entities with one of these annotations: jakarta.persistence.Entity, jakarta.persistence.MappedSuperclass (preferred), or consider extending one of the following types with your repository: org.springframework.data.jpa.repository.JpaRepository
2024-12-14T13:50:41.390+05:30  INFO 34972 --- [Chitti-voiceMail] [           main] .s.d.r.c.RepositoryConfigurationDelegate : Finished Spring Data repository scanning in 375 ms. Found 4 JPA repository interfaces.
2024-12-14T13:50:41.468+05:30  INFO 34972 --- [Chitti-voiceMail] [           main] .s.d.r.c.RepositoryConfigurationDelegate : Multiple Spring Data modules found, entering strict repository configuration mode
2024-12-14T13:50:41.468+05:30  INFO 34972 --- [Chitti-voiceMail] [           main] .s.d.r.c.RepositoryConfigurationDelegate : Bootstrapping Spring Data MongoDB repositories in DEFAULT mode.
2024-12-14T13:50:41.492+05:30  INFO 34972 --- [Chitti-voiceMail] [           main] .RepositoryConfigurationExtensionSupport : Spring Data MongoDB - Could not safely identify store assignment for repository candidate interface com.Chitti.AiVoiceMail.repository.UserDetailsRepository; If you want this repository to be a MongoDB repository, consider annotating your entities with one of these annotations: org.springframework.data.mongodb.core.mapping.Document (preferred), or consider extending one of the following types with your repository: org.springframework.data.mongodb.repository.MongoRepository
2024-12-14T13:50:41.496+05:30  INFO 34972 --- [Chitti-voiceMail] [           main] .RepositoryConfigurationExtensionSupport : Spring Data MongoDB - Could not safely identify store assignment for repository candidate interface com.Chitti.AiVoiceMail.repos.mysql.ApplicationConfigRepo; If you want this repository to be a MongoDB repository, consider annotating your entities with one of these annotations: org.springframework.data.mongodb.core.mapping.Document (preferred), or consider extending one of the following types with your repository: org.springframework.data.mongodb.repository.MongoRepository
2024-12-14T13:50:41.497+05:30  INFO 34972 --- [Chitti-voiceMail] [           main] .RepositoryConfigurationExtensionSupport : Spring Data MongoDB - Could not safely identify store assignment for repository candidate interface com.Chitti.AiVoiceMail.repos.mysql.SummaryRepo; If you want this repository to be a MongoDB repository, consider annotating your entities with one of these annotations: org.springframework.data.mongodb.core.mapping.Document (preferred), or consider extending one of the following types with your repository: org.springframework.data.mongodb.repository.MongoRepository
2024-12-14T13:50:41.498+05:30  INFO 34972 --- [Chitti-voiceMail] [           main] .RepositoryConfigurationExtensionSupport : Spring Data MongoDB - Could not safely identify store assignment for repository candidate interface com.Chitti.AiVoiceMail.repos.mysql.UserDetailsRepo; If you want this repository to be a MongoDB repository, consider annotating your entities with one of these annotations: org.springframework.data.mongodb.core.mapping.Document (preferred), or consider extending one of the following types with your repository: org.springframework.data.mongodb.repository.MongoRepository
2024-12-14T13:50:41.520+05:30  INFO 34972 --- [Chitti-voiceMail] [           main] .s.d.r.c.RepositoryConfigurationDelegate : Finished Spring Data repository scanning in 49 ms. Found 3 MongoDB repository interfaces.
2024-12-14T13:50:41.562+05:30  INFO 34972 --- [Chitti-voiceMail] [           main] .s.d.r.c.RepositoryConfigurationDelegate : Multiple Spring Data modules found, entering strict repository configuration mode
2024-12-14T13:50:41.567+05:30  INFO 34972 --- [Chitti-voiceMail] [           main] .s.d.r.c.RepositoryConfigurationDelegate : Bootstrapping Spring Data Redis repositories in DEFAULT mode.
2024-12-14T13:50:41.620+05:30  INFO 34972 --- [Chitti-voiceMail] [           main] .RepositoryConfigurationExtensionSupport : Spring Data Redis - Could not safely identify store assignment for repository candidate interface com.Chitti.AiVoiceMail.repository.UserDetailsRepository; If you want this repository to be a Redis repository, consider annotating your entities with one of these annotations: org.springframework.data.redis.core.RedisHash (preferred), or consider extending one of the following types with your repository: org.springframework.data.keyvalue.repository.KeyValueRepository
2024-12-14T13:50:41.621+05:30  INFO 34972 --- [Chitti-voiceMail] [           main] .RepositoryConfigurationExtensionSupport : Spring Data Redis - Could not safely identify store assignment for repository candidate interface com.Chitti.AiVoiceMail.repos.mongo.AudioMetadataRepository; If you want this repository to be a Redis repository, consider annotating your entities with one of these annotations: org.springframework.data.redis.core.RedisHash (preferred), or consider extending one of the following types with your repository: org.springframework.data.keyvalue.repository.KeyValueRepository
2024-12-14T13:50:41.622+05:30  INFO 34972 --- [Chitti-voiceMail] [           main] .RepositoryConfigurationExtensionSupport : Spring Data Redis - Could not safely identify store assignment for repository candidate interface com.Chitti.AiVoiceMail.repos.mongo.ChatHistoriesRepository; If you want this repository to be a Redis repository, consider annotating your entities with one of these annotations: org.springframework.data.redis.core.RedisHash (preferred), or consider extending one of the following types with your repository: org.springframework.data.keyvalue.repository.KeyValueRepository
2024-12-14T13:50:41.622+05:30  INFO 34972 --- [Chitti-voiceMail] [           main] .RepositoryConfigurationExtensionSupport : Spring Data Redis - Could not safely identify store assignment for repository candidate interface com.Chitti.AiVoiceMail.repos.mongo.UserCustomizationsRepository; If you want this repository to be a Redis repository, consider annotating your entities with one of these annotations: org.springframework.data.redis.core.RedisHash (preferred), or consider extending one of the following types with your repository: org.springframework.data.keyvalue.repository.KeyValueRepository
2024-12-14T13:50:41.623+05:30  INFO 34972 --- [Chitti-voiceMail] [           main] .RepositoryConfigurationExtensionSupport : Spring Data Redis - Could not safely identify store assignment for repository candidate interface com.Chitti.AiVoiceMail.repos.mysql.ApplicationConfigRepo; If you want this repository to be a Redis repository, consider annotating your entities with one of these annotations: org.springframework.data.redis.core.RedisHash (preferred), or consider extending one of the following types with your repository: org.springframework.data.keyvalue.repository.KeyValueRepository
2024-12-14T13:50:41.624+05:30  INFO 34972 --- [Chitti-voiceMail] [           main] .RepositoryConfigurationExtensionSupport : Spring Data Redis - Could not safely identify store assignment for repository candidate interface com.Chitti.AiVoiceMail.repos.mysql.SummaryRepo; If you want this repository to be a Redis repository, consider annotating your entities with one of these annotations: org.springframework.data.redis.core.RedisHash (preferred), or consider extending one of the following types with your repository: org.springframework.data.keyvalue.repository.KeyValueRepository
2024-12-14T13:50:41.625+05:30  INFO 34972 --- [Chitti-voiceMail] [           main] .RepositoryConfigurationExtensionSupport : Spring Data Redis - Could not safely identify store assignment for repository candidate interface com.Chitti.AiVoiceMail.repos.mysql.UserDetailsRepo; If you want this repository to be a Redis repository, consider annotating your entities with one of these annotations: org.springframework.data.redis.core.RedisHash (preferred), or consider extending one of the following types with your repository: org.springframework.data.keyvalue.repository.KeyValueRepository
2024-12-14T13:50:41.625+05:30  INFO 34972 --- [Chitti-voiceMail] [           main] .s.d.r.c.RepositoryConfigurationDelegate : Finished Spring Data repository scanning in 38 ms. Found 0 Redis repository interfaces.
2024-12-14T13:50:42.763+05:30  INFO 34972 --- [Chitti-voiceMail] [           main] o.hibernate.jpa.internal.util.LogHelper  : HHH000204: Processing PersistenceUnitInfo [name: default]
2024-12-14T13:50:42.890+05:30  INFO 34972 --- [Chitti-voiceMail] [           main] org.hibernate.Version                    : HHH000412: Hibernate ORM core version 6.6.2.Final
2024-12-14T13:50:42.957+05:30  INFO 34972 --- [Chitti-voiceMail] [           main] o.h.c.internal.RegionFactoryInitiator    : HHH000026: Second-level cache disabled
2024-12-14T13:50:43.746+05:30  INFO 34972 --- [Chitti-voiceMail] [           main] o.s.o.j.p.SpringPersistenceUnitInfo      : No LoadTimeWeaver setup: ignoring JPA class transformer
2024-12-14T13:50:43.906+05:30  INFO 34972 --- [Chitti-voiceMail] [           main] com.zaxxer.hikari.HikariDataSource       : HikariPool-1 - Starting...
2024-12-14T13:50:44.413+05:30  INFO 34972 --- [Chitti-voiceMail] [           main] com.zaxxer.hikari.pool.HikariPool        : HikariPool-1 - Added connection com.mysql.cj.jdbc.ConnectionImpl@50f3ba6a
2024-12-14T13:50:44.419+05:30  INFO 34972 --- [Chitti-voiceMail] [           main] com.zaxxer.hikari.HikariDataSource       : HikariPool-1 - Start completed.
2024-12-14T13:50:44.523+05:30  WARN 34972 --- [Chitti-voiceMail] [           main] org.hibernate.orm.deprecation            : HHH90000025: MySQLDialect does not need to be specified explicitly using 'hibernate.dialect' (remove the property setting and it will be selected by default)
2024-12-14T13:50:44.615+05:30  INFO 34972 --- [Chitti-voiceMail] [           main] org.hibernate.orm.connections.pooling    : HHH10001005: Database info:
	Database JDBC URL [Connecting through datasource 'HikariDataSource (HikariPool-1)']
	Database driver: undefined/unknown
	Database version: 8.0.39
	Autocommit mode: undefined/unknown
	Isolation level: undefined/unknown
	Minimum pool size: undefined/unknown
	Maximum pool size: undefined/unknown
2024-12-14T13:50:45.986+05:30  INFO 34972 --- [Chitti-voiceMail] [           main] o.h.e.t.j.p.i.JtaPlatformInitiator       : HHH000489: No JTA platform available (set 'hibernate.transaction.jta.platform' to enable JTA platform integration)
2024-12-14T13:50:46.065+05:30  INFO 34972 --- [Chitti-voiceMail] [           main] j.LocalContainerEntityManagerFactoryBean : Initialized JPA EntityManagerFactory for persistence unit 'default'
2024-12-14T13:50:46.819+05:30  INFO 34972 --- [Chitti-voiceMail] [e5h.mongodb.net] org.mongodb.driver.cluster               : Adding discovered server cluster0-shard-00-01.5ke5h.mongodb.net:27017 to client view of cluster
2024-12-14T13:50:46.876+05:30  INFO 34972 --- [Chitti-voiceMail] [           main] org.mongodb.driver.client                : MongoClient with metadata {"driver": {"name": "mongo-java-driver|sync|spring-boot", "version": "5.2.1"}, "os": {"type": "Windows", "name": "Windows 10", "architecture": "amd64", "version": "10.0"}, "platform": "Java/Oracle Corporation/17.0.11+7-LTS-207"} created with settings MongoClientSettings{readPreference=primary, writeConcern=WriteConcern{w=null, wTimeout=null ms, journal=null}, retryWrites=true, retryReads=true, readConcern=ReadConcern{level=null}, credential=MongoCredential{mechanism=null, userName='root', source='admin', password=<hidden>, mechanismProperties=<hidden>}, transportSettings=null, commandListeners=[], codecRegistry=ProvidersCodecRegistry{codecProviders=[ValueCodecProvider{}, BsonValueCodecProvider{}, DBRefCodecProvider{}, DBObjectCodecProvider{}, DocumentCodecProvider{}, CollectionCodecProvider{}, IterableCodecProvider{}, MapCodecProvider{}, GeoJsonCodecProvider{}, GridFSFileCodecProvider{}, Jsr310CodecProvider{}, JsonObjectCodecProvider{}, BsonCodecProvider{}, EnumCodecProvider{}, com.mongodb.client.model.mql.ExpressionCodecProvider@6889e714, com.mongodb.Jep395RecordCodecProvider@4dc5b887, com.mongodb.KotlinCodecProvider@3b7dd173]}, loggerSettings=LoggerSettings{maxDocumentLength=1000}, clusterSettings={hosts=[127.0.0.1:27017], srvHost=cluster0.5ke5h.mongodb.net, srvServiceName=mongodb, mode=MULTIPLE, requiredClusterType=REPLICA_SET, requiredReplicaSetName='atlas-aochy7-shard-0', serverSelector='null', clusterListeners='[]', serverSelectionTimeout='30000 ms', localThreshold='15 ms'}, socketSettings=SocketSettings{connectTimeoutMS=10000, readTimeoutMS=0, receiveBufferSize=0, proxySettings=ProxySettings{host=null, port=null, username=null, password=null}}, heartbeatSocketSettings=SocketSettings{connectTimeoutMS=10000, readTimeoutMS=10000, receiveBufferSize=0, proxySettings=ProxySettings{host=null, port=null, username=null, password=null}}, connectionPoolSettings=ConnectionPoolSettings{maxSize=100, minSize=0, maxWaitTimeMS=120000, maxConnectionLifeTimeMS=0, maxConnectionIdleTimeMS=0, maintenanceInitialDelayMS=0, maintenanceFrequencyMS=60000, connectionPoolListeners=[], maxConnecting=2}, serverSettings=ServerSettings{heartbeatFrequencyMS=10000, minHeartbeatFrequencyMS=500, serverMonitoringMode=AUTO, serverListeners='[]', serverMonitorListeners='[]'}, sslSettings=SslSettings{enabled=true, invalidHostNameAllowed=false, context=null}, applicationName='null', compressorList=[], uuidRepresentation=JAVA_LEGACY, serverApi=null, autoEncryptionSettings=null, dnsClient=null, inetAddressResolver=null, contextProvider=null, timeoutMS=null}
2024-12-14T13:50:46.891+05:30  INFO 34972 --- [Chitti-voiceMail] [e5h.mongodb.net] org.mongodb.driver.cluster               : Adding discovered server cluster0-shard-00-02.5ke5h.mongodb.net:27017 to client view of cluster
2024-12-14T13:50:46.897+05:30  INFO 34972 --- [Chitti-voiceMail] [e5h.mongodb.net] org.mongodb.driver.cluster               : Adding discovered server cluster0-shard-00-00.5ke5h.mongodb.net:27017 to client view of cluster
2024-12-14T13:50:47.610+05:30  INFO 34972 --- [Chitti-voiceMail] [ngodb.net:27017] org.mongodb.driver.cluster               : Monitor thread successfully connected to server with description ServerDescription{address=cluster0-shard-00-02.5ke5h.mongodb.net:27017, type=REPLICA_SET_SECONDARY, cryptd=false, state=CONNECTED, ok=true, minWireVersion=0, maxWireVersion=25, maxDocumentSize=16777216, logicalSessionTimeoutMinutes=30, roundTripTimeNanos=360708600, minRoundTripTimeNanos=0, setName='atlas-aochy7-shard-0', canonicalAddress=cluster0-shard-00-02.5ke5h.mongodb.net:27017, hosts=[cluster0-shard-00-00.5ke5h.mongodb.net:27017, cluster0-shard-00-01.5ke5h.mongodb.net:27017, cluster0-shard-00-02.5ke5h.mongodb.net:27017], passives=[], arbiters=[], primary='cluster0-shard-00-01.5ke5h.mongodb.net:27017', tagSet=TagSet{[Tag{name='availabilityZone', value='aps1-az2'}, Tag{name='diskState', value='READY'}, Tag{name='nodeType', value='ELECTABLE'}, Tag{name='provider', value='AWS'}, Tag{name='region', value='AP_SOUTH_1'}, Tag{name='workloadType', value='OPERATIONAL'}]}, electionId=null, setVersion=1, topologyVersion=TopologyVersion{processId=6759aa0302d91eb2772b3428, counter=3}, lastWriteDate=Sat Dec 14 13:48:32 IST 2024, lastUpdateTimeNanos=4496873619995700}
2024-12-14T13:50:48.358+05:30  INFO 34972 --- [Chitti-voiceMail] [ngodb.net:27017] org.mongodb.driver.cluster               : Monitor thread successfully connected to server with description ServerDescription{address=cluster0-shard-00-00.5ke5h.mongodb.net:27017, type=REPLICA_SET_SECONDARY, cryptd=false, state=CONNECTED, ok=true, minWireVersion=0, maxWireVersion=25, maxDocumentSize=16777216, logicalSessionTimeoutMinutes=30, roundTripTimeNanos=113966300, minRoundTripTimeNanos=0, setName='atlas-aochy7-shard-0', canonicalAddress=cluster0-shard-00-00.5ke5h.mongodb.net:27017, hosts=[cluster0-shard-00-00.5ke5h.mongodb.net:27017, cluster0-shard-00-01.5ke5h.mongodb.net:27017, cluster0-shard-00-02.5ke5h.mongodb.net:27017], passives=[], arbiters=[], primary='cluster0-shard-00-01.5ke5h.mongodb.net:27017', tagSet=TagSet{[Tag{name='availabilityZone', value='aps1-az1'}, Tag{name='diskState', value='READY'}, Tag{name='nodeType', value='ELECTABLE'}, Tag{name='provider', value='AWS'}, Tag{name='region', value='AP_SOUTH_1'}, Tag{name='workloadType', value='OPERATIONAL'}]}, electionId=null, setVersion=1, topologyVersion=TopologyVersion{processId=6759a9810764ec3640a3c513, counter=4}, lastWriteDate=Sat Dec 14 13:48:35 IST 2024, lastUpdateTimeNanos=4496874373884599}
2024-12-14T13:50:48.454+05:30  WARN 34972 --- [Chitti-voiceMail] [           main] JpaBaseConfiguration$JpaWebConfiguration : spring.jpa.open-in-view is enabled by default. Therefore, database queries may be performed during view rendering. Explicitly configure spring.jpa.open-in-view to disable this warning
2024-12-14T13:50:49.356+05:30  INFO 34972 --- [Chitti-voiceMail] [           main] c.C.A.ChittiVoiceMailApplicationTests    : Started ChittiVoiceMailApplicationTests in 10.317 seconds (process running for 11.949)
2024-12-14T13:50:49.467+05:30  INFO 34972 --- [Chitti-voiceMail] [ngodb.net:27017] org.mongodb.driver.cluster               : Monitor thread successfully connected to server with description ServerDescription{address=cluster0-shard-00-01.5ke5h.mongodb.net:27017, type=REPLICA_SET_PRIMARY, cryptd=false, state=CONNECTED, ok=true, minWireVersion=0, maxWireVersion=25, maxDocumentSize=16777216, logicalSessionTimeoutMinutes=30, roundTripTimeNanos=166627199, minRoundTripTimeNanos=0, setName='atlas-aochy7-shard-0', canonicalAddress=cluster0-shard-00-01.5ke5h.mongodb.net:27017, hosts=[cluster0-shard-00-00.5ke5h.mongodb.net:27017, cluster0-shard-00-01.5ke5h.mongodb.net:27017, cluster0-shard-00-02.5ke5h.mongodb.net:27017], passives=[], arbiters=[], primary='cluster0-shard-00-01.5ke5h.mongodb.net:27017', tagSet=TagSet{[Tag{name='availabilityZone', value='aps1-az3'}, Tag{name='diskState', value='READY'}, Tag{name='nodeType', value='ELECTABLE'}, Tag{name='provider', value='AWS'}, Tag{name='region', value='AP_SOUTH_1'}, Tag{name='workloadType', value='OPERATIONAL'}]}, electionId=7fffffff0000000000000020, setVersion=1, topologyVersion=TopologyVersion{processId=6759a9c2280becf2d2a1c048, counter=6}, lastWriteDate=Sat Dec 14 13:48:35 IST 2024, lastUpdateTimeNanos=4496875482223800}
2024-12-14T13:50:49.468+05:30  INFO 34972 --- [Chitti-voiceMail] [ngodb.net:27017] org.mongodb.driver.cluster               : Discovered replica set primary cluster0-shard-00-01.5ke5h.mongodb.net:27017 with max election id 7fffffff0000000000000020 and max set version 1
]]></system-out>
    <system-err><![CDATA[SLF4J(W): Class path contains multiple SLF4J providers.
SLF4J(W): Found provider [ch.qos.logback.classic.spi.LogbackServiceProvider@305b7c14]
SLF4J(W): Found provider [org.apache.logging.slf4j.SLF4JServiceProvider@6913c1fb]
SLF4J(W): See https://www.slf4j.org/codes.html#multiple_bindings for an explanation.
SLF4J(I): Actual provider is of type [ch.qos.logback.classic.spi.LogbackServiceProvider@305b7c14]
]]></system-err>
  </testcase>
</testsuite>